<?xml version="1.0" encoding="UTF-8"?>
<testng-results skipped="0" failed="0" total="1" passed="1">
  <reporter-output>
  </reporter-output>
  <suite name="Default suite" duration-ms="32446" started-at="2013-07-11T01:45:51Z" finished-at="2013-07-11T01:46:24Z">
    <groups>
    </groups>
    <test name="Default test" duration-ms="32446" started-at="2013-07-11T01:45:51Z" finished-at="2013-07-11T01:46:24Z">
      <class name="selenium.AjaxSeleniumTest">
        <test-method status="PASS" signature="attachScreenshotListener(java.lang.String, java.lang.String, org.testng.ITestContext)[pri:0, instance:selenium.AjaxSeleniumTest@d95bc3]" name="attachScreenshotListener" is-config="true" duration-ms="42" started-at="2013-07-11T03:45:51Z" finished-at="2013-07-11T03:45:51Z">
          <params>
            <param index="0">
              <value>
                <![CDATA[localhost]]>
              </value>
            </param>
            <param index="1">
              <value>
                <![CDATA[4444]]>
              </value>
            </param>
            <param index="2">
              <value>
                <![CDATA[org.testng.TestRunner@af98ac]]>
              </value>
            </param>
          </params>
          <reporter-output>
          </reporter-output>
        </test-method> <!-- attachScreenshotListener -->
        <test-method status="PASS" signature="setUp(java.lang.String, java.lang.String)[pri:0, instance:selenium.AjaxSeleniumTest@d95bc3]" name="setUp" is-config="true" duration-ms="5246" started-at="2013-07-11T03:45:51Z" finished-at="2013-07-11T03:45:57Z">
          <params>
            <param index="0">
              <value is-null="true"/>
            </param>
            <param index="1">
              <value is-null="true"/>
            </param>
          </params>
          <reporter-output>
          </reporter-output>
        </test-method> <!-- setUp -->
        <test-method status="PASS" signature="getSelenium(boolean)[pri:0, instance:selenium.AjaxSeleniumTest@d95bc3]" name="getSelenium" is-config="true" duration-ms="2" started-at="2013-07-11T03:45:57Z" finished-at="2013-07-11T03:45:57Z">
          <params>
            <param index="0">
              <value>
                <![CDATA[false]]>
              </value>
            </param>
          </params>
          <reporter-output>
          </reporter-output>
        </test-method> <!-- getSelenium -->
        <test-method status="PASS" signature="setUp()[pri:0, instance:selenium.AjaxSeleniumTest@d95bc3]" name="setUp" is-config="true" duration-ms="14568" started-at="2013-07-11T03:45:57Z" finished-at="2013-07-11T03:46:11Z">
          <reporter-output>
          </reporter-output>
        </test-method> <!-- setUp -->
        <test-method status="PASS" signature="setTestContext(java.lang.reflect.Method)[pri:0, instance:selenium.AjaxSeleniumTest@d95bc3]" name="setTestContext" is-config="true" duration-ms="47" started-at="2013-07-11T03:46:11Z" finished-at="2013-07-11T03:46:11Z">
          <params>
            <param index="0">
              <value>
                <![CDATA[public void selenium.AjaxSeleniumTest.testAjaxTestCase1() throws java.lang.InterruptedException]]>
              </value>
            </param>
          </params>
          <reporter-output>
          </reporter-output>
        </test-method> <!-- setTestContext -->
        <test-method status="PASS" signature="testAjaxTestCase1()[pri:0, instance:selenium.AjaxSeleniumTest@d95bc3]" name="testAjaxTestCase1" duration-ms="12347" started-at="2013-07-11T03:46:11Z" finished-at="2013-07-11T03:46:24Z">
          <reporter-output>
          </reporter-output>
        </test-method> <!-- testAjaxTestCase1 -->
        <test-method status="PASS" signature="checkForVerificationErrors()[pri:0, instance:selenium.AjaxSeleniumTest@d95bc3]" name="checkForVerificationErrors" is-config="true" duration-ms="0" started-at="2013-07-11T03:46:24Z" finished-at="2013-07-11T03:46:24Z">
          <reporter-output>
          </reporter-output>
        </test-method> <!-- checkForVerificationErrors -->
        <test-method status="PASS" signature="selectDefaultWindow()[pri:0, instance:selenium.AjaxSeleniumTest@d95bc3]" name="selectDefaultWindow" is-config="true" duration-ms="48" started-at="2013-07-11T03:46:24Z" finished-at="2013-07-11T03:46:24Z">
          <reporter-output>
          </reporter-output>
        </test-method> <!-- selectDefaultWindow -->
        <test-method status="PASS" signature="tearDown()[pri:0, instance:selenium.AjaxSeleniumTest@d95bc3]" name="tearDown" is-config="true" duration-ms="167" started-at="2013-07-11T03:46:24Z" finished-at="2013-07-11T03:46:24Z">
          <reporter-output>
          </reporter-output>
        </test-method> <!-- tearDown -->
      </class> <!-- selenium.AjaxSeleniumTest -->
    </test> <!-- Default test -->
  </suite> <!-- Default suite -->
</testng-results>
